====== Starting verifyLoginWithInvalidCredentials Test ======
clicked on sign in and object is :- [[FirefoxDriver: firefox on ANY (a35ceae0-3553-6c45-acd6-d56d8c9053dd)] -> class name: login]
entered email address is :- test@gmail.com and object is :-[[FirefoxDriver: firefox on ANY (a35ceae0-3553-6c45-acd6-d56d8c9053dd)] -> id: email]
entered password is :- password and object is :- [[FirefoxDriver: firefox on ANY (a35ceae0-3553-6c45-acd6-d56d8c9053dd)] -> id: passwd]
clicked on submit button and object is :-[[FirefoxDriver: firefox on ANY (a35ceae0-3553-6c45-acd6-d56d8c9053dd)] -> css selector: #SubmitLogin]
error message is :- Authentication failed.
====== Finished verifyLoginWithInvalidCredentials Test ======
====== Starting TC002_VerifyRegistration ======
clicking on sign in button and object is:- [[FirefoxDriver: firefox on ANY (dc0a7ac3-1ddb-194c-bdce-76518ddc923a)] -> class name: login]
providing signup email and object is:- [[FirefoxDriver: firefox on ANY (dc0a7ac3-1ddb-194c-bdce-76518ddc923a)] -> css selector: #email_create]
clicking on create account button and object is:- [[FirefoxDriver: firefox on ANY (dc0a7ac3-1ddb-194c-bdce-76518ddc923a)] -> id: SubmitCreate]
selecting the Mr. title and object is:- [[FirefoxDriver: firefox on ANY (dc0a7ac3-1ddb-194c-bdce-76518ddc923a)] -> css selector: #id_gender1]
providing first name and object is:- [[FirefoxDriver: firefox on ANY (dc0a7ac3-1ddb-194c-bdce-76518ddc923a)] -> id: customer_firstname]
providing last name and object is:- [[FirefoxDriver: firefox on ANY (dc0a7ac3-1ddb-194c-bdce-76518ddc923a)] -> id: customer_lastname]
====== Starting TC002_VerifyRegistration ======
clicking on sign in button and object is:- [[FirefoxDriver: firefox on ANY (8017d8fa-18ba-2749-aa3a-793c18a29428)] -> class name: login]
providing signup email and object is:- [[FirefoxDriver: firefox on ANY (8017d8fa-18ba-2749-aa3a-793c18a29428)] -> css selector: #email_create]
clicking on create account button and object is:- [[FirefoxDriver: firefox on ANY (8017d8fa-18ba-2749-aa3a-793c18a29428)] -> id: SubmitCreate]
selecting the Mr. title and object is:- [[FirefoxDriver: firefox on ANY (8017d8fa-18ba-2749-aa3a-793c18a29428)] -> css selector: #id_gender1]
providing first name and object is:- [[FirefoxDriver: firefox on ANY (8017d8fa-18ba-2749-aa3a-793c18a29428)] -> id: customer_firstname]
providing last name and object is:- [[FirefoxDriver: firefox on ANY (8017d8fa-18ba-2749-aa3a-793c18a29428)] -> id: customer_lastname]
providing the password and object is:- [[FirefoxDriver: firefox on ANY (8017d8fa-18ba-2749-aa3a-793c18a29428)] -> css selector: #passwd]
selecting the days of dob and object is:- [[FirefoxDriver: firefox on ANY (8017d8fa-18ba-2749-aa3a-793c18a29428)] -> id: days]
====== Starting TC002_VerifyRegistration ======
clicking on sign in button and object is:- [[FirefoxDriver: firefox on ANY (b3f62626-0647-ef47-a9ff-58703e269a71)] -> class name: login]
providing signup email and object is:- [[FirefoxDriver: firefox on ANY (b3f62626-0647-ef47-a9ff-58703e269a71)] -> css selector: #email_create]
clicking on create account button and object is:- [[FirefoxDriver: firefox on ANY (b3f62626-0647-ef47-a9ff-58703e269a71)] -> id: SubmitCreate]
selecting the Mr. title and object is:- [[FirefoxDriver: firefox on ANY (b3f62626-0647-ef47-a9ff-58703e269a71)] -> css selector: #id_gender1]
providing first name and object is:- [[FirefoxDriver: firefox on ANY (b3f62626-0647-ef47-a9ff-58703e269a71)] -> id: customer_firstname]
providing last name and object is:- [[FirefoxDriver: firefox on ANY (b3f62626-0647-ef47-a9ff-58703e269a71)] -> id: customer_lastname]
providing the password and object is:- [[FirefoxDriver: firefox on ANY (b3f62626-0647-ef47-a9ff-58703e269a71)] -> css selector: #passwd]
selecting the days of dob and object is:- [[FirefoxDriver: firefox on ANY (b3f62626-0647-ef47-a9ff-58703e269a71)] -> id: days]
====== Starting TC002_VerifyRegistration ======
clicking on sign in button and object is:- [[FirefoxDriver: firefox on ANY (b1b62e97-a267-f84b-aa11-0eb9f572d0e8)] -> class name: login]
providing signup email and object is:- [[FirefoxDriver: firefox on ANY (b1b62e97-a267-f84b-aa11-0eb9f572d0e8)] -> css selector: #email_create]
clicking on create account button and object is:- [[FirefoxDriver: firefox on ANY (b1b62e97-a267-f84b-aa11-0eb9f572d0e8)] -> id: SubmitCreate]
selecting the Mr. title and object is:- [[FirefoxDriver: firefox on ANY (b1b62e97-a267-f84b-aa11-0eb9f572d0e8)] -> css selector: #id_gender1]
providing first name and object is:- [[FirefoxDriver: firefox on ANY (b1b62e97-a267-f84b-aa11-0eb9f572d0e8)] -> id: customer_firstname]
providing last name and object is:- [[FirefoxDriver: firefox on ANY (b1b62e97-a267-f84b-aa11-0eb9f572d0e8)] -> id: customer_lastname]
providing the password and object is:- [[FirefoxDriver: firefox on ANY (b1b62e97-a267-f84b-aa11-0eb9f572d0e8)] -> css selector: #passwd]
selecting the days of dob and object is:- [[FirefoxDriver: firefox on ANY (b1b62e97-a267-f84b-aa11-0eb9f572d0e8)] -> id: days]
====== Starting TC002_VerifyRegistration ======
clicking on sign in button and object is:- [[FirefoxDriver: firefox on ANY (c16400d9-14b3-dd46-abca-e62691fdb5ea)] -> class name: login]
providing signup email and object is:- [[FirefoxDriver: firefox on ANY (c16400d9-14b3-dd46-abca-e62691fdb5ea)] -> css selector: #email_create]
clicking on create account button and object is:- [[FirefoxDriver: firefox on ANY (c16400d9-14b3-dd46-abca-e62691fdb5ea)] -> id: SubmitCreate]
selecting the Mr. title and object is:- [[FirefoxDriver: firefox on ANY (c16400d9-14b3-dd46-abca-e62691fdb5ea)] -> css selector: #id_gender1]
providing first name and object is:- [[FirefoxDriver: firefox on ANY (c16400d9-14b3-dd46-abca-e62691fdb5ea)] -> id: customer_firstname]
providing last name and object is:- [[FirefoxDriver: firefox on ANY (c16400d9-14b3-dd46-abca-e62691fdb5ea)] -> id: customer_lastname]
providing the password and object is:- [[FirefoxDriver: firefox on ANY (c16400d9-14b3-dd46-abca-e62691fdb5ea)] -> css selector: #passwd]
selecting the days of dob and object is:- [[FirefoxDriver: firefox on ANY (c16400d9-14b3-dd46-abca-e62691fdb5ea)] -> id: days]
====== Starting TC002_VerifyRegistration ======
clicking on sign in button and object is:- [[FirefoxDriver: firefox on ANY (a3e0a495-0471-d54d-add9-22aaf2605a49)] -> class name: login]
providing signup email and object is:- [[FirefoxDriver: firefox on ANY (a3e0a495-0471-d54d-add9-22aaf2605a49)] -> css selector: #email_create]
clicking on create account button and object is:- [[FirefoxDriver: firefox on ANY (a3e0a495-0471-d54d-add9-22aaf2605a49)] -> id: SubmitCreate]
selecting the Mr. title and object is:- [[FirefoxDriver: firefox on ANY (a3e0a495-0471-d54d-add9-22aaf2605a49)] -> css selector: #id_gender1]
providing first name and object is:- [[FirefoxDriver: firefox on ANY (a3e0a495-0471-d54d-add9-22aaf2605a49)] -> id: customer_firstname]
providing last name and object is:- [[FirefoxDriver: firefox on ANY (a3e0a495-0471-d54d-add9-22aaf2605a49)] -> id: customer_lastname]
providing the password and object is:- [[FirefoxDriver: firefox on ANY (a3e0a495-0471-d54d-add9-22aaf2605a49)] -> css selector: #passwd]
selecting the days of dob and object is:- [[FirefoxDriver: firefox on ANY (a3e0a495-0471-d54d-add9-22aaf2605a49)] -> id: days]
selecting the month of dob and object is:- [[FirefoxDriver: firefox on ANY (a3e0a495-0471-d54d-add9-22aaf2605a49)] -> id: months]
selecting the year of dob and object is:- [[FirefoxDriver: firefox on ANY (a3e0a495-0471-d54d-add9-22aaf2605a49)] -> id: years]
providing company name and object is:- [[FirefoxDriver: firefox on ANY (a3e0a495-0471-d54d-add9-22aaf2605a49)] -> id: company]
providing the address and object is:- [[FirefoxDriver: firefox on ANY (a3e0a495-0471-d54d-add9-22aaf2605a49)] -> id: address1]
providing the city and object is:- [[FirefoxDriver: firefox on ANY (a3e0a495-0471-d54d-add9-22aaf2605a49)] -> id: city]
selecting the state and object is:- [[FirefoxDriver: firefox on ANY (a3e0a495-0471-d54d-add9-22aaf2605a49)] -> id: id_state]
providing the zip code and object is:- [[FirefoxDriver: firefox on ANY (a3e0a495-0471-d54d-add9-22aaf2605a49)] -> id: postcode]
selecting the country and object is:- [[FirefoxDriver: firefox on ANY (a3e0a495-0471-d54d-add9-22aaf2605a49)] -> id: id_country]
providing the mobile numbe and object is:- [[FirefoxDriver: firefox on ANY (a3e0a495-0471-d54d-add9-22aaf2605a49)] -> id: phone_mobile]
providing the address alias and object is:- [[FirefoxDriver: firefox on ANY (a3e0a495-0471-d54d-add9-22aaf2605a49)] -> id: alias]
clicking on register user button and object is: Proxy element for: DefaultElementLocator 'By.id: submitAccount'
asserting if logout is displayed after successful user registration
====== Finished TC002_VerifyRegistration ======
